2021-01-10 12:51:53.4093 Info Message Template Auto Format enabled
2021-01-10 12:51:53.5496 Info Adding target FileTarget(Name=f)
2021-01-10 12:51:53.5594 Info Adding target FileTarget(Name=fe)
2021-01-10 12:51:53.5855 Info Validating config: TargetNames=f, fe, ConfigItems=36, FilePath=F:\MyWorks\NetV3\Hzdtf.Foundation.FrameworkV3\Example\Application\Hzdtf.Example.WebApp\bin\Debug\net5.0\NLog.config
2021-01-10 12:51:53.6066 Info Configuration initialized.
2021-01-10 12:51:53.6308 Info NLog, Version=4.0.0.0, Culture=neutral, PublicKeyToken=5120e14c03d0593c. File version: 4.7.6.12219. Product version: 4.7.6+e16065c1f397a4b0a5beed10d2e79bbedc1fd1e6. GlobalAssemblyCache: False
2021-01-10 12:56:01.5151 Info Message Template Auto Format enabled
2021-01-10 12:56:01.5883 Info Adding target FileTarget(Name=f)
2021-01-10 12:56:01.6092 Info Adding target FileTarget(Name=fe)
2021-01-10 12:56:01.6365 Info Validating config: TargetNames=f, fe, ConfigItems=36, FilePath=F:\MyWorks\NetV3\Hzdtf.Foundation.FrameworkV3\Example\Application\Hzdtf.Example.WebApp\bin\Debug\net5.0\NLog.config
2021-01-10 12:56:01.6586 Info Configuration initialized.
2021-01-10 12:56:01.6772 Info NLog, Version=4.0.0.0, Culture=neutral, PublicKeyToken=5120e14c03d0593c. File version: 4.7.6.12219. Product version: 4.7.6+e16065c1f397a4b0a5beed10d2e79bbedc1fd1e6. GlobalAssemblyCache: False
2021-01-10 12:57:24.4422 Info Message Template Auto Format enabled
2021-01-10 12:57:24.5462 Info Adding target FileTarget(Name=f)
2021-01-10 12:57:24.5574 Info Adding target FileTarget(Name=fe)
2021-01-10 12:57:24.5962 Info Validating config: TargetNames=f, fe, ConfigItems=36, FilePath=F:\MyWorks\NetV3\Hzdtf.Foundation.FrameworkV3\Example\Application\Hzdtf.Example.WebApp\bin\Debug\net5.0\NLog.config
2021-01-10 12:57:24.6256 Info Configuration initialized.
2021-01-10 12:57:24.6500 Info NLog, Version=4.0.0.0, Culture=neutral, PublicKeyToken=5120e14c03d0593c. File version: 4.7.6.12219. Product version: 4.7.6+e16065c1f397a4b0a5beed10d2e79bbedc1fd1e6. GlobalAssemblyCache: False
2021-01-10 12:58:21.5096 Info Message Template Auto Format enabled
2021-01-10 12:58:21.5764 Info Adding target FileTarget(Name=f)
2021-01-10 12:58:21.5764 Info Adding target FileTarget(Name=fe)
2021-01-10 12:58:21.6114 Info Validating config: TargetNames=f, fe, ConfigItems=36, FilePath=F:\MyWorks\NetV3\Hzdtf.Foundation.FrameworkV3\Example\Application\Hzdtf.Example.WebApp\bin\Debug\net5.0\NLog.config
2021-01-10 12:58:21.6329 Info Configuration initialized.
2021-01-10 12:58:21.6505 Info NLog, Version=4.0.0.0, Culture=neutral, PublicKeyToken=5120e14c03d0593c. File version: 4.7.6.12219. Product version: 4.7.6+e16065c1f397a4b0a5beed10d2e79bbedc1fd1e6. GlobalAssemblyCache: False
2021-01-10 13:00:11.5342 Info Message Template Auto Format enabled
2021-01-10 13:00:11.6259 Info Adding target FileTarget(Name=f)
2021-01-10 13:00:11.6368 Info Adding target FileTarget(Name=fe)
2021-01-10 13:00:11.6731 Info Validating config: TargetNames=f, fe, ConfigItems=36, FilePath=F:\MyWorks\NetV3\Hzdtf.Foundation.FrameworkV3\Example\Application\Hzdtf.Example.WebApp\bin\Debug\net5.0\NLog.config
2021-01-10 13:00:11.7021 Info Configuration initialized.
2021-01-10 13:00:11.7256 Info NLog, Version=4.0.0.0, Culture=neutral, PublicKeyToken=5120e14c03d0593c. File version: 4.7.6.12219. Product version: 4.7.6+e16065c1f397a4b0a5beed10d2e79bbedc1fd1e6. GlobalAssemblyCache: False
2021-01-10 13:05:34.5418 Info Message Template Auto Format enabled
2021-01-10 13:05:34.6131 Info Adding target FileTarget(Name=f)
2021-01-10 13:05:34.6211 Info Adding target FileTarget(Name=fe)
2021-01-10 13:05:34.6548 Info Validating config: TargetNames=f, fe, ConfigItems=36, FilePath=F:\MyWorks\NetV3\Hzdtf.Foundation.FrameworkV3\Example\Application\Hzdtf.Example.WebApp\bin\Debug\net5.0\NLog.config
2021-01-10 13:05:34.6839 Info Configuration initialized.
2021-01-10 13:05:34.7052 Info NLog, Version=4.0.0.0, Culture=neutral, PublicKeyToken=5120e14c03d0593c. File version: 4.7.6.12219. Product version: 4.7.6+e16065c1f397a4b0a5beed10d2e79bbedc1fd1e6. GlobalAssemblyCache: False
2021-01-10 13:10:59.0949 Info Message Template Auto Format enabled
2021-01-10 13:10:59.1603 Info Adding target FileTarget(Name=f)
2021-01-10 13:10:59.1679 Info Adding target FileTarget(Name=fe)
2021-01-10 13:10:59.1960 Info Validating config: TargetNames=f, fe, ConfigItems=36, FilePath=F:\MyWorks\NetV3\Hzdtf.Foundation.FrameworkV3\Example\Application\Hzdtf.Example.WebApp\bin\Debug\net5.0\NLog.config
2021-01-10 13:10:59.2180 Info Configuration initialized.
2021-01-10 13:10:59.2355 Info NLog, Version=4.0.0.0, Culture=neutral, PublicKeyToken=5120e14c03d0593c. File version: 4.7.6.12219. Product version: 4.7.6+e16065c1f397a4b0a5beed10d2e79bbedc1fd1e6. GlobalAssemblyCache: False
2021-01-10 13:24:45.8450 Info Message Template Auto Format enabled
2021-01-10 13:24:45.9225 Info Adding target FileTarget(Name=f)
2021-01-10 13:24:45.9320 Info Adding target FileTarget(Name=fe)
2021-01-10 13:24:45.9688 Info Validating config: TargetNames=f, fe, ConfigItems=36, FilePath=F:\MyWorks\NetV3\Hzdtf.Foundation.FrameworkV3\Example\Application\Hzdtf.Example.WebApp\bin\Debug\net5.0\NLog.config
2021-01-10 13:24:46.0002 Info Configuration initialized.
2021-01-10 13:24:46.0251 Info NLog, Version=4.0.0.0, Culture=neutral, PublicKeyToken=5120e14c03d0593c. File version: 4.7.6.12219. Product version: 4.7.6+e16065c1f397a4b0a5beed10d2e79bbedc1fd1e6. GlobalAssemblyCache: False
2021-01-10 13:26:09.2637 Info Message Template Auto Format enabled
2021-01-10 13:26:09.3549 Info Adding target FileTarget(Name=f)
2021-01-10 13:26:09.3549 Info Adding target FileTarget(Name=fe)
2021-01-10 13:26:09.3966 Info Validating config: TargetNames=f, fe, ConfigItems=36, FilePath=F:\MyWorks\NetV3\Hzdtf.Foundation.FrameworkV3\Example\Application\Hzdtf.Example.WebApp\bin\Debug\net5.0\NLog.config
2021-01-10 13:26:09.4266 Info Configuration initialized.
2021-01-10 13:26:09.4490 Info NLog, Version=4.0.0.0, Culture=neutral, PublicKeyToken=5120e14c03d0593c. File version: 4.7.6.12219. Product version: 4.7.6+e16065c1f397a4b0a5beed10d2e79bbedc1fd1e6. GlobalAssemblyCache: False
2021-01-10 13:27:02.4209 Info Message Template Auto Format enabled
2021-01-10 13:27:02.5132 Info Adding target FileTarget(Name=f)
2021-01-10 13:27:02.5132 Info Adding target FileTarget(Name=fe)
2021-01-10 13:27:02.5656 Info Validating config: TargetNames=f, fe, ConfigItems=36, FilePath=F:\MyWorks\NetV3\Hzdtf.Foundation.FrameworkV3\Example\Application\Hzdtf.Example.WebApp\bin\Debug\net5.0\NLog.config
2021-01-10 13:27:02.5966 Info Configuration initialized.
2021-01-10 13:27:02.6209 Info NLog, Version=4.0.0.0, Culture=neutral, PublicKeyToken=5120e14c03d0593c. File version: 4.7.6.12219. Product version: 4.7.6+e16065c1f397a4b0a5beed10d2e79bbedc1fd1e6. GlobalAssemblyCache: False
2021-01-10 13:30:28.7451 Info Message Template Auto Format enabled
2021-01-10 13:30:28.8833 Info Adding target FileTarget(Name=f)
2021-01-10 13:30:28.9078 Info Adding target FileTarget(Name=fe)
2021-01-10 13:30:28.9712 Info Validating config: TargetNames=f, fe, ConfigItems=36, FilePath=F:\MyWorks\NetV3\Hzdtf.Foundation.FrameworkV3\Example\Application\Hzdtf.Example.WebApp\bin\Debug\net5.0\NLog.config
2021-01-10 13:30:29.0241 Info Configuration initialized.
2021-01-10 13:30:29.0537 Info NLog, Version=4.0.0.0, Culture=neutral, PublicKeyToken=5120e14c03d0593c. File version: 4.7.6.12219. Product version: 4.7.6+e16065c1f397a4b0a5beed10d2e79bbedc1fd1e6. GlobalAssemblyCache: False
2021-01-10 13:34:12.3250 Info Message Template Auto Format enabled
2021-01-10 13:34:12.4163 Info Adding target FileTarget(Name=f)
2021-01-10 13:34:12.4163 Info Adding target FileTarget(Name=fe)
2021-01-10 13:34:12.4647 Info Validating config: TargetNames=f, fe, ConfigItems=36, FilePath=F:\MyWorks\NetV3\Hzdtf.Foundation.FrameworkV3\Example\Application\Hzdtf.Example.WebApp\bin\Debug\net5.0\NLog.config
2021-01-10 13:34:12.4970 Info Configuration initialized.
2021-01-10 13:34:12.5199 Info NLog, Version=4.0.0.0, Culture=neutral, PublicKeyToken=5120e14c03d0593c. File version: 4.7.6.12219. Product version: 4.7.6+e16065c1f397a4b0a5beed10d2e79bbedc1fd1e6. GlobalAssemblyCache: False
2021-01-10 13:53:31.0727 Info Message Template Auto Format enabled
2021-01-10 13:53:31.1444 Info Adding target FileTarget(Name=f)
2021-01-10 13:53:31.1517 Info Adding target FileTarget(Name=fe)
2021-01-10 13:53:31.1782 Info Validating config: TargetNames=f, fe, ConfigItems=36, FilePath=F:\MyWorks\NetV3\Hzdtf.Foundation.FrameworkV3\Example\Application\Hzdtf.Example.WebApp\bin\Debug\net5.0\NLog.config
2021-01-10 13:53:31.1998 Info Configuration initialized.
2021-01-10 13:53:31.2176 Info NLog, Version=4.0.0.0, Culture=neutral, PublicKeyToken=5120e14c03d0593c. File version: 4.7.6.12219. Product version: 4.7.6+e16065c1f397a4b0a5beed10d2e79bbedc1fd1e6. GlobalAssemblyCache: False
2021-01-10 13:56:47.3846 Info Message Template Auto Format enabled
2021-01-10 13:56:47.4828 Info Adding target FileTarget(Name=f)
2021-01-10 13:56:47.4828 Info Adding target FileTarget(Name=fe)
2021-01-10 13:56:47.5283 Info Validating config: TargetNames=f, fe, ConfigItems=36, FilePath=F:\MyWorks\NetV3\Hzdtf.Foundation.FrameworkV3\Example\Application\Hzdtf.Example.WebApp\bin\Debug\net5.0\NLog.config
2021-01-10 13:56:47.5499 Info Configuration initialized.
2021-01-10 13:56:47.5680 Info NLog, Version=4.0.0.0, Culture=neutral, PublicKeyToken=5120e14c03d0593c. File version: 4.7.6.12219. Product version: 4.7.6+e16065c1f397a4b0a5beed10d2e79bbedc1fd1e6. GlobalAssemblyCache: False
2021-01-10 14:05:29.6372 Info Message Template Auto Format enabled
2021-01-10 14:05:29.7303 Info Adding target FileTarget(Name=f)
2021-01-10 14:05:29.7303 Info Adding target FileTarget(Name=fe)
2021-01-10 14:05:29.7833 Info Validating config: TargetNames=f, fe, ConfigItems=36, FilePath=F:\MyWorks\NetV3\Hzdtf.Foundation.FrameworkV3\Example\Application\Hzdtf.Example.WebApp\bin\Debug\net5.0\NLog.config
2021-01-10 14:05:29.8162 Info Configuration initialized.
2021-01-10 14:05:29.8405 Info NLog, Version=4.0.0.0, Culture=neutral, PublicKeyToken=5120e14c03d0593c. File version: 4.7.6.12219. Product version: 4.7.6+e16065c1f397a4b0a5beed10d2e79bbedc1fd1e6. GlobalAssemblyCache: False
2021-01-10 14:38:26.2306 Info Message Template Auto Format enabled
2021-01-10 14:38:26.3238 Info Adding target FileTarget(Name=f)
2021-01-10 14:38:26.3238 Info Adding target FileTarget(Name=fe)
2021-01-10 14:38:26.3782 Info Validating config: TargetNames=f, fe, ConfigItems=36, FilePath=F:\MyWorks\NetV3\Hzdtf.Foundation.FrameworkV3\Example\Application\Hzdtf.Example.WebApp\bin\Debug\net5.0\NLog.config
2021-01-10 14:38:26.4112 Info Configuration initialized.
2021-01-10 14:38:26.4348 Info NLog, Version=4.0.0.0, Culture=neutral, PublicKeyToken=5120e14c03d0593c. File version: 4.7.6.12219. Product version: 4.7.6+e16065c1f397a4b0a5beed10d2e79bbedc1fd1e6. GlobalAssemblyCache: False
2021-01-10 20:27:09.3621 Info Message Template Auto Format enabled
2021-01-10 20:27:09.5306 Info Adding target FileTarget(Name=f)
2021-01-10 20:27:09.5493 Info Adding target FileTarget(Name=fe)
2021-01-10 20:27:09.6151 Info Validating config: TargetNames=f, fe, ConfigItems=36, FilePath=F:\MyWorks\NetV3\Hzdtf.Foundation.FrameworkV3\Example\Application\Hzdtf.Example.WebApp\bin\Debug\net5.0\NLog.config
2021-01-10 20:27:09.6666 Info Configuration initialized.
2021-01-10 20:27:09.6977 Info NLog, Version=4.0.0.0, Culture=neutral, PublicKeyToken=5120e14c03d0593c. File version: 4.7.6.12219. Product version: 4.7.6+e16065c1f397a4b0a5beed10d2e79bbedc1fd1e6. GlobalAssemblyCache: False
2021-01-10 20:31:04.8189 Info Message Template Auto Format enabled
2021-01-10 20:31:04.8945 Info Adding target FileTarget(Name=f)
2021-01-10 20:31:04.9016 Info Adding target FileTarget(Name=fe)
2021-01-10 20:31:04.9285 Info Validating config: TargetNames=f, fe, ConfigItems=36, FilePath=F:\MyWorks\NetV3\Hzdtf.Foundation.FrameworkV3\Example\Application\Hzdtf.Example.WebApp\bin\Debug\net5.0\NLog.config
2021-01-10 20:31:04.9504 Info Configuration initialized.
2021-01-10 20:31:04.9688 Info NLog, Version=4.0.0.0, Culture=neutral, PublicKeyToken=5120e14c03d0593c. File version: 4.7.6.12219. Product version: 4.7.6+e16065c1f397a4b0a5beed10d2e79bbedc1fd1e6. GlobalAssemblyCache: False
2021-01-10 20:41:15.8186 Info Message Template Auto Format enabled
2021-01-10 20:41:15.8841 Info Adding target FileTarget(Name=f)
2021-01-10 20:41:15.8841 Info Adding target FileTarget(Name=fe)
2021-01-10 20:41:15.9197 Info Validating config: TargetNames=f, fe, ConfigItems=36, FilePath=F:\MyWorks\NetV3\Hzdtf.Foundation.FrameworkV3\Example\Application\Hzdtf.Example.WebApp\bin\Debug\net5.0\NLog.config
2021-01-10 20:41:15.9414 Info Configuration initialized.
2021-01-10 20:41:15.9610 Info NLog, Version=4.0.0.0, Culture=neutral, PublicKeyToken=5120e14c03d0593c. File version: 4.7.6.12219. Product version: 4.7.6+e16065c1f397a4b0a5beed10d2e79bbedc1fd1e6. GlobalAssemblyCache: False
2021-01-10 20:52:14.2870 Info Message Template Auto Format enabled
2021-01-10 20:52:14.3917 Info Adding target FileTarget(Name=f)
2021-01-10 20:52:14.4015 Info Adding target FileTarget(Name=fe)
2021-01-10 20:52:14.4412 Info Validating config: TargetNames=f, fe, ConfigItems=36, FilePath=F:\MyWorks\NetV3\Hzdtf.Foundation.FrameworkV3\Example\Application\Hzdtf.Example.WebApp\bin\Debug\net5.0\NLog.config
2021-01-10 20:52:14.4717 Info Configuration initialized.
2021-01-10 20:52:14.4950 Info NLog, Version=4.0.0.0, Culture=neutral, PublicKeyToken=5120e14c03d0593c. File version: 4.7.6.12219. Product version: 4.7.6+e16065c1f397a4b0a5beed10d2e79bbedc1fd1e6. GlobalAssemblyCache: False
2021-01-10 21:01:19.1737 Info Message Template Auto Format enabled
2021-01-10 21:01:19.2549 Info Adding target FileTarget(Name=f)
2021-01-10 21:01:19.2623 Info Adding target FileTarget(Name=fe)
2021-01-10 21:01:19.3007 Info Validating config: TargetNames=f, fe, ConfigItems=36, FilePath=F:\MyWorks\NetV3\Hzdtf.Foundation.FrameworkV3\Example\Application\Hzdtf.Example.WebApp\bin\Debug\net5.0\NLog.config
2021-01-10 21:01:19.3272 Info Configuration initialized.
2021-01-10 21:01:19.3464 Info NLog, Version=4.0.0.0, Culture=neutral, PublicKeyToken=5120e14c03d0593c. File version: 4.7.6.12219. Product version: 4.7.6+e16065c1f397a4b0a5beed10d2e79bbedc1fd1e6. GlobalAssemblyCache: False
2021-01-10 21:04:32.2950 Info Message Template Auto Format enabled
2021-01-10 21:04:32.3688 Info Adding target FileTarget(Name=f)
2021-01-10 21:04:32.3688 Info Adding target FileTarget(Name=fe)
2021-01-10 21:04:32.4030 Info Validating config: TargetNames=f, fe, ConfigItems=36, FilePath=F:\MyWorks\NetV3\Hzdtf.Foundation.FrameworkV3\Example\Application\Hzdtf.Example.WebApp\bin\Debug\net5.0\NLog.config
2021-01-10 21:04:32.4244 Info Configuration initialized.
2021-01-10 21:04:32.4436 Info NLog, Version=4.0.0.0, Culture=neutral, PublicKeyToken=5120e14c03d0593c. File version: 4.7.6.12219. Product version: 4.7.6+e16065c1f397a4b0a5beed10d2e79bbedc1fd1e6. GlobalAssemblyCache: False
2021-01-10 21:17:41.3915 Info Message Template Auto Format enabled
2021-01-10 21:17:41.4702 Info Adding target FileTarget(Name=f)
2021-01-10 21:17:41.4790 Info Adding target FileTarget(Name=fe)
2021-01-10 21:17:41.5184 Info Validating config: TargetNames=f, fe, ConfigItems=36, FilePath=F:\MyWorks\NetV3\Hzdtf.Foundation.FrameworkV3\Example\Application\Hzdtf.Example.WebApp\bin\Debug\net5.0\NLog.config
2021-01-10 21:17:41.5423 Info Configuration initialized.
2021-01-10 21:17:41.5615 Info NLog, Version=4.0.0.0, Culture=neutral, PublicKeyToken=5120e14c03d0593c. File version: 4.7.6.12219. Product version: 4.7.6+e16065c1f397a4b0a5beed10d2e79bbedc1fd1e6. GlobalAssemblyCache: False
2021-01-10 21:24:41.8518 Info Message Template Auto Format enabled
2021-01-10 21:24:41.9013 Info Adding target FileTarget(Name=f)
2021-01-10 21:24:41.9219 Info Adding target FileTarget(Name=fe)
2021-01-10 21:24:41.9505 Info Validating config: TargetNames=f, fe, ConfigItems=36, FilePath=F:\MyWorks\NetV3\Hzdtf.Foundation.FrameworkV3\Example\Application\Hzdtf.Example.WebApp\bin\Debug\net5.0\NLog.config
2021-01-10 21:24:41.9722 Info Configuration initialized.
2021-01-10 21:24:41.9910 Info NLog, Version=4.0.0.0, Culture=neutral, PublicKeyToken=5120e14c03d0593c. File version: 4.7.6.12219. Product version: 4.7.6+e16065c1f397a4b0a5beed10d2e79bbedc1fd1e6. GlobalAssemblyCache: False
2021-01-10 21:26:30.5972 Info Message Template Auto Format enabled
2021-01-10 21:26:30.6591 Info Adding target FileTarget(Name=f)
2021-01-10 21:26:30.6663 Info Adding target FileTarget(Name=fe)
2021-01-10 21:26:30.6933 Info Validating config: TargetNames=f, fe, ConfigItems=36, FilePath=F:\MyWorks\NetV3\Hzdtf.Foundation.FrameworkV3\Example\Application\Hzdtf.Example.WebApp\bin\Debug\net5.0\NLog.config
2021-01-10 21:26:30.7197 Info Configuration initialized.
2021-01-10 21:26:30.7379 Info NLog, Version=4.0.0.0, Culture=neutral, PublicKeyToken=5120e14c03d0593c. File version: 4.7.6.12219. Product version: 4.7.6+e16065c1f397a4b0a5beed10d2e79bbedc1fd1e6. GlobalAssemblyCache: False
2021-01-10 21:29:59.2009 Info Message Template Auto Format enabled
2021-01-10 21:29:59.2830 Info Adding target FileTarget(Name=f)
2021-01-10 21:29:59.2921 Info Adding target FileTarget(Name=fe)
2021-01-10 21:29:59.3271 Info Validating config: TargetNames=f, fe, ConfigItems=36, FilePath=F:\MyWorks\NetV3\Hzdtf.Foundation.FrameworkV3\Example\Application\Hzdtf.Example.WebApp\bin\Debug\net5.0\NLog.config
2021-01-10 21:29:59.3564 Info Configuration initialized.
2021-01-10 21:29:59.3806 Info NLog, Version=4.0.0.0, Culture=neutral, PublicKeyToken=5120e14c03d0593c. File version: 4.7.6.12219. Product version: 4.7.6+e16065c1f397a4b0a5beed10d2e79bbedc1fd1e6. GlobalAssemblyCache: False
2021-01-10 21:33:11.1385 Info Message Template Auto Format enabled
2021-01-10 21:33:11.2037 Info Adding target FileTarget(Name=f)
2021-01-10 21:33:11.2037 Info Adding target FileTarget(Name=fe)
2021-01-10 21:33:11.2402 Info Validating config: TargetNames=f, fe, ConfigItems=36, FilePath=F:\MyWorks\NetV3\Hzdtf.Foundation.FrameworkV3\Example\Application\Hzdtf.Example.WebApp\bin\Debug\net5.0\NLog.config
2021-01-10 21:33:11.2627 Info Configuration initialized.
2021-01-10 21:33:11.2819 Info NLog, Version=4.0.0.0, Culture=neutral, PublicKeyToken=5120e14c03d0593c. File version: 4.7.6.12219. Product version: 4.7.6+e16065c1f397a4b0a5beed10d2e79bbedc1fd1e6. GlobalAssemblyCache: False
2021-01-10 22:01:37.7820 Info Message Template Auto Format enabled
2021-01-10 22:01:37.9336 Info Adding target FileTarget(Name=f)
2021-01-10 22:01:37.9336 Info Adding target FileTarget(Name=fe)
2021-01-10 22:01:37.9877 Info Validating config: TargetNames=f, fe, ConfigItems=36, FilePath=F:\MyWorks\NetV3\Hzdtf.Foundation.FrameworkV3\Example\Application\Hzdtf.Example.WebApp\bin\Debug\net5.0\NLog.config
2021-01-10 22:01:38.0200 Info Configuration initialized.
2021-01-10 22:01:38.0446 Info NLog, Version=4.0.0.0, Culture=neutral, PublicKeyToken=5120e14c03d0593c. File version: 4.7.6.12219. Product version: 4.7.6+e16065c1f397a4b0a5beed10d2e79bbedc1fd1e6. GlobalAssemblyCache: False
2021-01-10 22:03:55.2034 Info Message Template Auto Format enabled
2021-01-10 22:03:55.3236 Info Adding target FileTarget(Name=f)
2021-01-10 22:03:55.3236 Info Adding target FileTarget(Name=fe)
2021-01-10 22:03:55.3722 Info Validating config: TargetNames=f, fe, ConfigItems=36, FilePath=F:\MyWorks\NetV3\Hzdtf.Foundation.FrameworkV3\Example\Application\Hzdtf.Example.WebApp\bin\Debug\net5.0\NLog.config
2021-01-10 22:03:55.3998 Info Configuration initialized.
2021-01-10 22:03:55.4251 Info NLog, Version=4.0.0.0, Culture=neutral, PublicKeyToken=5120e14c03d0593c. File version: 4.7.6.12219. Product version: 4.7.6+e16065c1f397a4b0a5beed10d2e79bbedc1fd1e6. GlobalAssemblyCache: False
2021-01-10 22:06:38.9954 Info Message Template Auto Format enabled
2021-01-10 22:06:39.0889 Info Adding target FileTarget(Name=f)
2021-01-10 22:06:39.0889 Info Adding target FileTarget(Name=fe)
2021-01-10 22:06:39.1370 Info Validating config: TargetNames=f, fe, ConfigItems=36, FilePath=F:\MyWorks\NetV3\Hzdtf.Foundation.FrameworkV3\Example\Application\Hzdtf.Example.WebApp\bin\Debug\net5.0\NLog.config
2021-01-10 22:06:39.1702 Info Configuration initialized.
2021-01-10 22:06:39.1940 Info NLog, Version=4.0.0.0, Culture=neutral, PublicKeyToken=5120e14c03d0593c. File version: 4.7.6.12219. Product version: 4.7.6+e16065c1f397a4b0a5beed10d2e79bbedc1fd1e6. GlobalAssemblyCache: False
2021-01-10 22:19:16.7771 Info Message Template Auto Format enabled
2021-01-10 22:19:16.9224 Info Adding target FileTarget(Name=f)
2021-01-10 22:19:16.9342 Info Adding target FileTarget(Name=fe)
2021-01-10 22:19:16.9753 Info Validating config: TargetNames=f, fe, ConfigItems=36, FilePath=F:\MyWorks\NetV3\Hzdtf.Foundation.FrameworkV3\Example\Application\Hzdtf.Example.WebApp\bin\Debug\net5.0\NLog.config
2021-01-10 22:19:17.0053 Info Configuration initialized.
2021-01-10 22:19:17.0257 Info NLog, Version=4.0.0.0, Culture=neutral, PublicKeyToken=5120e14c03d0593c. File version: 4.7.6.12219. Product version: 4.7.6+e16065c1f397a4b0a5beed10d2e79bbedc1fd1e6. GlobalAssemblyCache: False
2021-01-10 22:21:42.9160 Info Message Template Auto Format enabled
2021-01-10 22:21:43.0754 Info Adding target FileTarget(Name=f)
2021-01-10 22:21:43.0754 Info Adding target FileTarget(Name=fe)
2021-01-10 22:21:43.1283 Info Validating config: TargetNames=f, fe, ConfigItems=36, FilePath=F:\MyWorks\NetV3\Hzdtf.Foundation.FrameworkV3\Example\Application\Hzdtf.Example.WebApp\bin\Debug\net5.0\NLog.config
2021-01-10 22:21:43.1613 Info Configuration initialized.
2021-01-10 22:21:43.1859 Info NLog, Version=4.0.0.0, Culture=neutral, PublicKeyToken=5120e14c03d0593c. File version: 4.7.6.12219. Product version: 4.7.6+e16065c1f397a4b0a5beed10d2e79bbedc1fd1e6. GlobalAssemblyCache: False
2021-01-11 21:24:35.7235 Info Message Template Auto Format enabled
2021-01-11 21:24:35.8963 Info Adding target FileTarget(Name=f)
2021-01-11 21:24:35.9051 Info Adding target FileTarget(Name=fe)
2021-01-11 21:24:35.9396 Info Validating config: TargetNames=f, fe, ConfigItems=36, FilePath=F:\MyWorks\NetV3\Hzdtf.Foundation.FrameworkV3\Example\Application\Hzdtf.Example.WebApp\bin\Debug\net5.0\NLog.config
2021-01-11 21:24:35.9657 Info Configuration initialized.
2021-01-11 21:24:35.9870 Info NLog, Version=4.0.0.0, Culture=neutral, PublicKeyToken=5120e14c03d0593c. File version: 4.7.6.12219. Product version: 4.7.6+e16065c1f397a4b0a5beed10d2e79bbedc1fd1e6. GlobalAssemblyCache: False
2021-01-11 21:24:41.6236 Info AppDomain Shutting down. Logger closing...
2021-01-11 21:24:41.6665 Info Logger has been shut down.
2021-01-11 22:01:18.8558 Info Message Template Auto Format enabled
2021-01-11 22:01:18.9194 Info Adding target FileTarget(Name=f)
2021-01-11 22:01:18.9194 Info Adding target FileTarget(Name=fe)
2021-01-11 22:01:18.9543 Info Validating config: TargetNames=f, fe, ConfigItems=36, FilePath=F:\MyWorks\NetV3\Hzdtf.Foundation.FrameworkV3\Example\Application\Hzdtf.Example.WebApp\bin\Debug\net5.0\NLog.config
2021-01-11 22:01:18.9758 Info Configuration initialized.
2021-01-11 22:01:18.9941 Info NLog, Version=4.0.0.0, Culture=neutral, PublicKeyToken=5120e14c03d0593c. File version: 4.7.6.12219. Product version: 4.7.6+e16065c1f397a4b0a5beed10d2e79bbedc1fd1e6. GlobalAssemblyCache: False
2021-01-11 22:04:34.2402 Info Message Template Auto Format enabled
2021-01-11 22:04:34.3243 Info Adding target FileTarget(Name=f)
2021-01-11 22:04:34.3243 Info Adding target FileTarget(Name=fe)
2021-01-11 22:04:34.3675 Info Validating config: TargetNames=f, fe, ConfigItems=36, FilePath=F:\MyWorks\NetV3\Hzdtf.Foundation.FrameworkV3\Example\Application\Hzdtf.Example.WebApp\bin\Debug\net5.0\NLog.config
2021-01-11 22:04:34.3986 Info Configuration initialized.
2021-01-11 22:04:34.4289 Info NLog, Version=4.0.0.0, Culture=neutral, PublicKeyToken=5120e14c03d0593c. File version: 4.7.6.12219. Product version: 4.7.6+e16065c1f397a4b0a5beed10d2e79bbedc1fd1e6. GlobalAssemblyCache: False
2021-01-11 22:06:18.3022 Info Message Template Auto Format enabled
2021-01-11 22:06:18.3531 Info Adding target FileTarget(Name=f)
2021-01-11 22:06:18.3750 Info Adding target FileTarget(Name=fe)
2021-01-11 22:06:18.4065 Info Validating config: TargetNames=f, fe, ConfigItems=36, FilePath=F:\MyWorks\NetV3\Hzdtf.Foundation.FrameworkV3\Example\Application\Hzdtf.Example.WebApp\bin\Debug\net5.0\NLog.config
2021-01-11 22:06:18.4325 Info Configuration initialized.
2021-01-11 22:06:18.4540 Info NLog, Version=4.0.0.0, Culture=neutral, PublicKeyToken=5120e14c03d0593c. File version: 4.7.6.12219. Product version: 4.7.6+e16065c1f397a4b0a5beed10d2e79bbedc1fd1e6. GlobalAssemblyCache: False
2021-01-12 20:35:55.4510 Info Message Template Auto Format enabled
2021-01-12 20:35:55.6645 Info Adding target FileTarget(Name=f)
2021-01-12 20:35:55.6772 Info Adding target FileTarget(Name=fe)
2021-01-12 20:35:55.7603 Info Validating config: TargetNames=f, fe, ConfigItems=36, FilePath=F:\MyWorks\NetV3\Hzdtf.Foundation.FrameworkV3\Example\Application\Hzdtf.Example.WebApp\bin\Debug\net5.0\NLog.config
2021-01-12 20:35:55.8343 Info Configuration initialized.
2021-01-12 20:35:55.8911 Info NLog, Version=4.0.0.0, Culture=neutral, PublicKeyToken=5120e14c03d0593c. File version: 4.7.6.12219. Product version: 4.7.6+e16065c1f397a4b0a5beed10d2e79bbedc1fd1e6. GlobalAssemblyCache: False
2021-01-12 21:38:51.6363 Info Message Template Auto Format enabled
2021-01-12 21:38:51.8175 Info Adding target FileTarget(Name=f)
2021-01-12 21:38:51.8254 Info Adding target FileTarget(Name=fe)
2021-01-12 21:38:51.8523 Info Validating config: TargetNames=f, fe, ConfigItems=36, FilePath=F:\MyWorks\NetV3\Hzdtf.Foundation.FrameworkV3\Example\Application\Hzdtf.Example.WebApp\bin\Debug\net5.0\NLog.config
2021-01-12 21:38:51.8768 Info Configuration initialized.
2021-01-12 21:38:51.9071 Info NLog, Version=4.0.0.0, Culture=neutral, PublicKeyToken=5120e14c03d0593c. File version: 4.7.6.12219. Product version: 4.7.6+e16065c1f397a4b0a5beed10d2e79bbedc1fd1e6. GlobalAssemblyCache: False
2021-01-12 21:59:49.1663 Info Message Template Auto Format enabled
2021-01-12 21:59:49.3479 Info Adding target FileTarget(Name=f)
2021-01-12 21:59:49.3562 Info Adding target FileTarget(Name=fe)
2021-01-12 21:59:49.3860 Info Validating config: TargetNames=f, fe, ConfigItems=36, FilePath=F:\MyWorks\NetV3\Hzdtf.Foundation.FrameworkV3\Example\Application\Hzdtf.Example.WebApp\bin\Debug\net5.0\NLog.config
2021-01-12 21:59:49.4088 Info Configuration initialized.
2021-01-12 21:59:49.4278 Info NLog, Version=4.0.0.0, Culture=neutral, PublicKeyToken=5120e14c03d0593c. File version: 4.7.6.12219. Product version: 4.7.6+e16065c1f397a4b0a5beed10d2e79bbedc1fd1e6. GlobalAssemblyCache: False
2021-01-12 22:00:19.7495 Info Message Template Auto Format enabled
2021-01-12 22:00:19.9503 Info Adding target FileTarget(Name=f)
2021-01-12 22:00:19.9503 Info Adding target FileTarget(Name=fe)
2021-01-12 22:00:19.9913 Info Validating config: TargetNames=f, fe, ConfigItems=36, FilePath=F:\MyWorks\NetV3\Hzdtf.Foundation.FrameworkV3\Example\Application\Hzdtf.Example.WebApp\bin\Debug\net5.0\NLog.config
2021-01-12 22:00:20.0141 Info Configuration initialized.
2021-01-12 22:00:20.0328 Info NLog, Version=4.0.0.0, Culture=neutral, PublicKeyToken=5120e14c03d0593c. File version: 4.7.6.12219. Product version: 4.7.6+e16065c1f397a4b0a5beed10d2e79bbedc1fd1e6. GlobalAssemblyCache: False
2021-01-12 22:02:20.8162 Info Message Template Auto Format enabled
2021-01-12 22:02:20.9875 Info Adding target FileTarget(Name=f)
2021-01-12 22:02:20.9953 Info Adding target FileTarget(Name=fe)
2021-01-12 22:02:21.0238 Info Validating config: TargetNames=f, fe, ConfigItems=36, FilePath=F:\MyWorks\NetV3\Hzdtf.Foundation.FrameworkV3\Example\Application\Hzdtf.Example.WebApp\bin\Debug\net5.0\NLog.config
2021-01-12 22:02:21.0474 Info Configuration initialized.
2021-01-12 22:02:21.0660 Info NLog, Version=4.0.0.0, Culture=neutral, PublicKeyToken=5120e14c03d0593c. File version: 4.7.6.12219. Product version: 4.7.6+e16065c1f397a4b0a5beed10d2e79bbedc1fd1e6. GlobalAssemblyCache: False
2021-01-12 22:06:12.6310 Info Message Template Auto Format enabled
2021-01-12 22:06:12.8408 Info Adding target FileTarget(Name=f)
2021-01-12 22:06:12.8408 Info Adding target FileTarget(Name=fe)
2021-01-12 22:06:12.8777 Info Validating config: TargetNames=f, fe, ConfigItems=36, FilePath=F:\MyWorks\NetV3\Hzdtf.Foundation.FrameworkV3\Example\Application\Hzdtf.Example.WebApp\bin\Debug\net5.0\NLog.config
2021-01-12 22:06:12.9004 Info Configuration initialized.
2021-01-12 22:06:12.9187 Info NLog, Version=4.0.0.0, Culture=neutral, PublicKeyToken=5120e14c03d0593c. File version: 4.7.6.12219. Product version: 4.7.6+e16065c1f397a4b0a5beed10d2e79bbedc1fd1e6. GlobalAssemblyCache: False
2021-01-12 22:19:40.1739 Info Message Template Auto Format enabled
2021-01-12 22:19:40.3470 Info Adding target FileTarget(Name=f)
2021-01-12 22:19:40.3579 Info Adding target FileTarget(Name=fe)
2021-01-12 22:19:40.3987 Info Validating config: TargetNames=f, fe, ConfigItems=36, FilePath=F:\MyWorks\NetV3\Hzdtf.Foundation.FrameworkV3\Example\Application\Hzdtf.Example.WebApp\bin\Debug\net5.0\NLog.config
2021-01-12 22:19:40.4312 Info Configuration initialized.
2021-01-12 22:19:40.4555 Info NLog, Version=4.0.0.0, Culture=neutral, PublicKeyToken=5120e14c03d0593c. File version: 4.7.6.12219. Product version: 4.7.6+e16065c1f397a4b0a5beed10d2e79bbedc1fd1e6. GlobalAssemblyCache: False
2021-01-12 22:21:28.1786 Info Message Template Auto Format enabled
2021-01-12 22:21:28.3946 Info Adding target FileTarget(Name=f)
2021-01-12 22:21:28.4038 Info Adding target FileTarget(Name=fe)
2021-01-12 22:21:28.4328 Info Validating config: TargetNames=f, fe, ConfigItems=36, FilePath=F:\MyWorks\NetV3\Hzdtf.Foundation.FrameworkV3\Example\Application\Hzdtf.Example.WebApp\bin\Debug\net5.0\NLog.config
2021-01-12 22:21:28.4558 Info Configuration initialized.
2021-01-12 22:21:28.4737 Info NLog, Version=4.0.0.0, Culture=neutral, PublicKeyToken=5120e14c03d0593c. File version: 4.7.6.12219. Product version: 4.7.6+e16065c1f397a4b0a5beed10d2e79bbedc1fd1e6. GlobalAssemblyCache: False
2021-01-12 22:31:02.5789 Info Message Template Auto Format enabled
2021-01-12 22:31:02.7309 Info Adding target FileTarget(Name=f)
2021-01-12 22:31:02.7309 Info Adding target FileTarget(Name=fe)
2021-01-12 22:31:02.7796 Info Validating config: TargetNames=f, fe, ConfigItems=36, FilePath=F:\MyWorks\NetV3\Hzdtf.Foundation.FrameworkV3\Example\Application\Hzdtf.Example.WebApp\bin\Debug\net5.0\NLog.config
2021-01-12 22:31:02.8072 Info Configuration initialized.
2021-01-12 22:31:02.8281 Info NLog, Version=4.0.0.0, Culture=neutral, PublicKeyToken=5120e14c03d0593c. File version: 4.7.6.12219. Product version: 4.7.6+e16065c1f397a4b0a5beed10d2e79bbedc1fd1e6. GlobalAssemblyCache: False
2021-01-12 22:32:58.1923 Info Message Template Auto Format enabled
2021-01-12 22:32:58.3478 Info Adding target FileTarget(Name=f)
2021-01-12 22:32:58.3616 Info Adding target FileTarget(Name=fe)
2021-01-12 22:32:58.4236 Info Validating config: TargetNames=f, fe, ConfigItems=36, FilePath=F:\MyWorks\NetV3\Hzdtf.Foundation.FrameworkV3\Example\Application\Hzdtf.Example.WebApp\bin\Debug\net5.0\NLog.config
2021-01-12 22:32:58.4615 Info Configuration initialized.
2021-01-12 22:32:58.4820 Info NLog, Version=4.0.0.0, Culture=neutral, PublicKeyToken=5120e14c03d0593c. File version: 4.7.6.12219. Product version: 4.7.6+e16065c1f397a4b0a5beed10d2e79bbedc1fd1e6. GlobalAssemblyCache: False
2021-01-14 21:47:46.9209 Info Message Template Auto Format enabled
2021-01-14 21:47:46.9990 Info Adding target FileTarget(Name=f)
2021-01-14 21:47:46.9990 Info Adding target FileTarget(Name=fe)
2021-01-14 21:47:47.0370 Info Validating config: TargetNames=f, fe, ConfigItems=36, FilePath=F:\MyWorks\NetV5\Hzdtf.Foundation.FrameworkV5\src\Example\Application\Hzdtf.Example.WebApp\bin\Debug\net5.0\NLog.config
2021-01-14 21:47:47.0603 Info Configuration initialized.
2021-01-14 21:47:47.0791 Info NLog, Version=4.0.0.0, Culture=neutral, PublicKeyToken=5120e14c03d0593c. File version: 4.7.6.12219. Product version: 4.7.6+e16065c1f397a4b0a5beed10d2e79bbedc1fd1e6. GlobalAssemblyCache: False
2021-01-14 22:01:55.5506 Info Message Template Auto Format enabled
2021-01-14 22:01:55.6379 Info Adding target FileTarget(Name=f)
2021-01-14 22:01:55.6379 Info Adding target FileTarget(Name=fe)
2021-01-14 22:01:55.6755 Info Validating config: TargetNames=f, fe, ConfigItems=36, FilePath=F:\MyWorks\NetV5\Hzdtf.Foundation.FrameworkV5\src\Example\Application\Hzdtf.Example.WebApp\bin\Debug\net5.0\NLog.config
2021-01-14 22:01:55.7030 Info Configuration initialized.
2021-01-14 22:01:55.7242 Info NLog, Version=4.0.0.0, Culture=neutral, PublicKeyToken=5120e14c03d0593c. File version: 4.7.6.12219. Product version: 4.7.6+e16065c1f397a4b0a5beed10d2e79bbedc1fd1e6. GlobalAssemblyCache: False
2021-01-17 09:59:51.5796 Info Message Template Auto Format enabled
2021-01-17 09:59:51.9766 Info Adding target FileTarget(Name=f)
2021-01-17 09:59:51.9850 Info Adding target FileTarget(Name=fe)
2021-01-17 09:59:52.0418 Info Validating config: TargetNames=f, fe, ConfigItems=36, FilePath=F:\MyWorks\NetV5\Hzdtf.Foundation.FrameworkV5\src\Example\Application\Hzdtf.Example.WebApp\bin\Debug\net5.0\NLog.config
2021-01-17 09:59:52.0936 Info Configuration initialized.
2021-01-17 09:59:52.1333 Info NLog, Version=4.0.0.0, Culture=neutral, PublicKeyToken=5120e14c03d0593c. File version: 4.7.6.12219. Product version: 4.7.6+e16065c1f397a4b0a5beed10d2e79bbedc1fd1e6. GlobalAssemblyCache: False
2021-01-17 10:02:32.0385 Info Message Template Auto Format enabled
2021-01-17 10:02:32.1559 Info Adding target FileTarget(Name=f)
2021-01-17 10:02:32.1559 Info Adding target FileTarget(Name=fe)
2021-01-17 10:02:32.2076 Info Validating config: TargetNames=f, fe, ConfigItems=36, FilePath=F:\MyWorks\NetV5\Hzdtf.Foundation.FrameworkV5\src\Example\Application\Hzdtf.Example.WebApp\bin\Debug\net5.0\NLog.config
2021-01-17 10:02:32.2598 Info Configuration initialized.
2021-01-17 10:02:32.2862 Info NLog, Version=4.0.0.0, Culture=neutral, PublicKeyToken=5120e14c03d0593c. File version: 4.7.6.12219. Product version: 4.7.6+e16065c1f397a4b0a5beed10d2e79bbedc1fd1e6. GlobalAssemblyCache: False
2021-01-17 10:17:59.9340 Info Message Template Auto Format enabled
2021-01-17 10:18:00.1252 Info Adding target FileTarget(Name=f)
2021-01-17 10:18:00.1467 Info Adding target FileTarget(Name=fe)
2021-01-17 10:18:00.2200 Info Validating config: TargetNames=f, fe, ConfigItems=36, FilePath=F:\MyWorks\NetV5\Hzdtf.Foundation.FrameworkV5\src\Example\Application\Hzdtf.Example.WebApp\bin\Debug\net5.0\NLog.config
2021-01-17 10:18:00.2715 Info Configuration initialized.
2021-01-17 10:18:00.3343 Info NLog, Version=4.0.0.0, Culture=neutral, PublicKeyToken=5120e14c03d0593c. File version: 4.7.6.12219. Product version: 4.7.6+e16065c1f397a4b0a5beed10d2e79bbedc1fd1e6. GlobalAssemblyCache: False
2021-01-17 10:24:57.4911 Info Message Template Auto Format enabled
2021-01-17 10:24:57.7007 Info Adding target FileTarget(Name=f)
2021-01-17 10:24:57.7168 Info Adding target FileTarget(Name=fe)
2021-01-17 10:24:57.7612 Info Validating config: TargetNames=f, fe, ConfigItems=36, FilePath=F:\MyWorks\NetV5\Hzdtf.Foundation.FrameworkV5\src\Example\Application\Hzdtf.Example.WebApp\bin\Debug\net5.0\NLog.config
2021-01-17 10:24:57.8051 Info Configuration initialized.
2021-01-17 10:24:57.8576 Info NLog, Version=4.0.0.0, Culture=neutral, PublicKeyToken=5120e14c03d0593c. File version: 4.7.6.12219. Product version: 4.7.6+e16065c1f397a4b0a5beed10d2e79bbedc1fd1e6. GlobalAssemblyCache: False
2021-01-17 10:41:42.4235 Info Message Template Auto Format enabled
2021-01-17 10:41:42.8283 Info Adding target FileTarget(Name=f)
2021-01-17 10:41:42.8283 Info Adding target FileTarget(Name=fe)
2021-01-17 10:41:42.8783 Info Validating config: TargetNames=f, fe, ConfigItems=36, FilePath=F:\MyWorks\NetV5\Hzdtf.Foundation.FrameworkV5\src\Example\Application\Hzdtf.Example.WebApp\bin\Debug\net5.0\NLog.config
2021-01-17 10:41:42.9163 Info Configuration initialized.
2021-01-17 10:41:42.9412 Info NLog, Version=4.0.0.0, Culture=neutral, PublicKeyToken=5120e14c03d0593c. File version: 4.7.6.12219. Product version: 4.7.6+e16065c1f397a4b0a5beed10d2e79bbedc1fd1e6. GlobalAssemblyCache: False
2021-01-17 10:56:47.1493 Info Message Template Auto Format enabled
2021-01-17 10:56:47.2174 Info Adding target FileTarget(Name=f)
2021-01-17 10:56:47.2392 Info Adding target FileTarget(Name=fe)
2021-01-17 10:56:47.2667 Info Validating config: TargetNames=f, fe, ConfigItems=36, FilePath=F:\MyWorks\NetV5\Hzdtf.Foundation.FrameworkV5\src\Example\Application\Hzdtf.Example.WebApp\bin\Debug\net5.0\NLog.config
2021-01-17 10:56:47.2929 Info Configuration initialized.
2021-01-17 10:56:47.3176 Info NLog, Version=4.0.0.0, Culture=neutral, PublicKeyToken=5120e14c03d0593c. File version: 4.7.6.12219. Product version: 4.7.6+e16065c1f397a4b0a5beed10d2e79bbedc1fd1e6. GlobalAssemblyCache: False
2021-01-17 11:09:05.5921 Info Message Template Auto Format enabled
2021-01-17 11:09:05.6722 Info Adding target FileTarget(Name=f)
2021-01-17 11:09:05.6722 Info Adding target FileTarget(Name=fe)
2021-01-17 11:09:05.7114 Info Validating config: TargetNames=f, fe, ConfigItems=36, FilePath=F:\MyWorks\NetV5\Hzdtf.Foundation.FrameworkV5\src\Example\Application\Hzdtf.Example.WebApp\bin\Debug\net5.0\NLog.config
2021-01-17 11:09:05.7383 Info Configuration initialized.
2021-01-17 11:09:05.7622 Info NLog, Version=4.0.0.0, Culture=neutral, PublicKeyToken=5120e14c03d0593c. File version: 4.7.6.12219. Product version: 4.7.6+e16065c1f397a4b0a5beed10d2e79bbedc1fd1e6. GlobalAssemblyCache: False
2021-01-18 20:46:52.3330 Info Message Template Auto Format enabled
2021-01-18 20:46:52.5508 Info Adding target FileTarget(Name=f)
2021-01-18 20:46:52.5508 Info Adding target FileTarget(Name=fe)
2021-01-18 20:46:52.5954 Info Validating config: TargetNames=f, fe, ConfigItems=36, FilePath=F:\MyWorks\NetV5\Hzdtf.Foundation.Framework\src\Example\Application\Hzdtf.Example.WebApp\bin\Debug\net5.0\NLog.config
2021-01-18 20:46:52.6246 Info Configuration initialized.
2021-01-18 20:46:52.6518 Info NLog, Version=4.0.0.0, Culture=neutral, PublicKeyToken=5120e14c03d0593c. File version: 4.7.6.12219. Product version: 4.7.6+e16065c1f397a4b0a5beed10d2e79bbedc1fd1e6. GlobalAssemblyCache: False
2021-01-18 20:51:54.3548 Info Message Template Auto Format enabled
2021-01-18 20:51:54.4424 Info Adding target FileTarget(Name=f)
2021-01-18 20:51:54.4499 Info Adding target FileTarget(Name=fe)
2021-01-18 20:51:54.4780 Info Validating config: TargetNames=f, fe, ConfigItems=36, FilePath=F:\MyWorks\NetV5\Hzdtf.Foundation.Framework\src\Example\Application\Hzdtf.Example.WebApp\bin\Debug\net5.0\NLog.config
2021-01-18 20:51:54.5003 Info Configuration initialized.
2021-01-18 20:51:54.5185 Info NLog, Version=4.0.0.0, Culture=neutral, PublicKeyToken=5120e14c03d0593c. File version: 4.7.6.12219. Product version: 4.7.6+e16065c1f397a4b0a5beed10d2e79bbedc1fd1e6. GlobalAssemblyCache: False
2021-01-18 22:54:18.5168 Info Message Template Auto Format enabled
2021-01-18 22:54:18.6502 Info Adding target FileTarget(Name=f)
2021-01-18 22:54:18.6624 Info Adding target FileTarget(Name=fe)
2021-01-18 22:54:18.7081 Info Validating config: TargetNames=f, fe, ConfigItems=36, FilePath=F:\MyWorks\NetV5\Hzdtf.Foundation.Framework\src\Example\Application\Hzdtf.Example.WebApp\bin\Debug\net5.0\NLog.config
2021-01-18 22:54:18.7411 Info Configuration initialized.
2021-01-18 22:54:18.7674 Info NLog, Version=4.0.0.0, Culture=neutral, PublicKeyToken=5120e14c03d0593c. File version: 4.7.6.12219. Product version: 4.7.6+e16065c1f397a4b0a5beed10d2e79bbedc1fd1e6. GlobalAssemblyCache: False
2021-01-18 23:00:00.5938 Info Message Template Auto Format enabled
2021-01-18 23:00:00.7327 Info Adding target FileTarget(Name=f)
2021-01-18 23:00:00.7456 Info Adding target FileTarget(Name=fe)
2021-01-18 23:00:00.8077 Info Validating config: TargetNames=f, fe, ConfigItems=36, FilePath=F:\MyWorks\NetV5\Hzdtf.Foundation.Framework\src\Example\Application\Hzdtf.Example.WebApp\bin\Debug\net5.0\NLog.config
2021-01-18 23:00:00.8577 Info Configuration initialized.
2021-01-18 23:00:00.8920 Info NLog, Version=4.0.0.0, Culture=neutral, PublicKeyToken=5120e14c03d0593c. File version: 4.7.6.12219. Product version: 4.7.6+e16065c1f397a4b0a5beed10d2e79bbedc1fd1e6. GlobalAssemblyCache: False
2021-01-18 23:01:39.2032 Info Message Template Auto Format enabled
2021-01-18 23:01:39.4446 Info Adding target FileTarget(Name=f)
2021-01-18 23:01:39.4589 Info Adding target FileTarget(Name=fe)
2021-01-18 23:01:39.5081 Info Validating config: TargetNames=f, fe, ConfigItems=36, FilePath=F:\MyWorks\NetV5\Hzdtf.Foundation.Framework\src\Example\Application\Hzdtf.Example.WebApp\bin\Debug\net5.0\NLog.config
2021-01-18 23:01:39.5453 Info Configuration initialized.
2021-01-18 23:01:39.5733 Info NLog, Version=4.0.0.0, Culture=neutral, PublicKeyToken=5120e14c03d0593c. File version: 4.7.6.12219. Product version: 4.7.6+e16065c1f397a4b0a5beed10d2e79bbedc1fd1e6. GlobalAssemblyCache: False
2021-01-18 23:11:55.9938 Info Message Template Auto Format enabled
2021-01-18 23:11:56.1029 Info Adding target FileTarget(Name=f)
2021-01-18 23:11:56.1148 Info Adding target FileTarget(Name=fe)
2021-01-18 23:11:56.1580 Info Validating config: TargetNames=f, fe, ConfigItems=36, FilePath=F:\MyWorks\NetV5\Hzdtf.Foundation.Framework\src\Example\Application\Hzdtf.Example.WebApp\bin\Debug\net5.0\NLog.config
2021-01-18 23:11:56.1937 Info Configuration initialized.
2021-01-18 23:11:56.2183 Info NLog, Version=4.0.0.0, Culture=neutral, PublicKeyToken=5120e14c03d0593c. File version: 4.7.6.12219. Product version: 4.7.6+e16065c1f397a4b0a5beed10d2e79bbedc1fd1e6. GlobalAssemblyCache: False
2021-01-18 23:26:46.0691 Info Message Template Auto Format enabled
2021-01-18 23:26:46.2055 Info Adding target FileTarget(Name=f)
2021-01-18 23:26:46.2370 Info Adding target FileTarget(Name=fe)
2021-01-18 23:26:46.3004 Info Validating config: TargetNames=f, fe, ConfigItems=36, FilePath=F:\MyWorks\NetV5\Hzdtf.Foundation.Framework\src\Example\Application\Hzdtf.Example.WebApp\bin\Debug\net5.0\NLog.config
2021-01-18 23:26:46.3416 Info Configuration initialized.
2021-01-18 23:26:46.3729 Info NLog, Version=4.0.0.0, Culture=neutral, PublicKeyToken=5120e14c03d0593c. File version: 4.7.6.12219. Product version: 4.7.6+e16065c1f397a4b0a5beed10d2e79bbedc1fd1e6. GlobalAssemblyCache: False
2021-01-18 23:28:10.9717 Info Message Template Auto Format enabled
2021-01-18 23:28:11.1175 Info Adding target FileTarget(Name=f)
2021-01-18 23:28:11.1284 Info Adding target FileTarget(Name=fe)
2021-01-18 23:28:11.1749 Info Validating config: TargetNames=f, fe, ConfigItems=36, FilePath=F:\MyWorks\NetV5\Hzdtf.Foundation.Framework\src\Example\Application\Hzdtf.Example.WebApp\bin\Debug\net5.0\NLog.config
2021-01-18 23:28:11.2316 Info Configuration initialized.
2021-01-18 23:28:11.3004 Info NLog, Version=4.0.0.0, Culture=neutral, PublicKeyToken=5120e14c03d0593c. File version: 4.7.6.12219. Product version: 4.7.6+e16065c1f397a4b0a5beed10d2e79bbedc1fd1e6. GlobalAssemblyCache: False
2021-01-18 23:31:50.0354 Info Message Template Auto Format enabled
2021-01-18 23:31:50.1689 Info Adding target FileTarget(Name=f)
2021-01-18 23:31:50.1853 Info Adding target FileTarget(Name=fe)
2021-01-18 23:31:50.2281 Info Validating config: TargetNames=f, fe, ConfigItems=36, FilePath=F:\MyWorks\NetV5\Hzdtf.Foundation.Framework\src\Example\Application\Hzdtf.Example.WebApp\bin\Debug\net5.0\NLog.config
2021-01-18 23:31:50.2671 Info Configuration initialized.
2021-01-18 23:31:50.2990 Info NLog, Version=4.0.0.0, Culture=neutral, PublicKeyToken=5120e14c03d0593c. File version: 4.7.6.12219. Product version: 4.7.6+e16065c1f397a4b0a5beed10d2e79bbedc1fd1e6. GlobalAssemblyCache: False
2021-01-24 16:37:49.2001 Info Message Template Auto Format enabled
2021-01-24 16:37:49.4875 Info Adding target FileTarget(Name=f)
2021-01-24 16:37:49.5034 Info Adding target FileTarget(Name=fe)
2021-01-24 16:37:49.5684 Info Validating config: TargetNames=f, fe, ConfigItems=36, FilePath=F:\MyWorks\NetV5\Hzdtf.Foundation.Framework\src\Example\Application\Hzdtf.Example.WebApp\bin\Debug\net5.0\NLog.config
2021-01-24 16:37:49.6318 Info Configuration initialized.
2021-01-24 16:37:49.7888 Info NLog, Version=4.0.0.0, Culture=neutral, PublicKeyToken=5120e14c03d0593c. File version: 4.7.6.12219. Product version: 4.7.6+e16065c1f397a4b0a5beed10d2e79bbedc1fd1e6. GlobalAssemblyCache: False
2021-01-24 16:48:50.9613 Info Message Template Auto Format enabled
2021-01-24 16:48:51.0622 Info Adding target FileTarget(Name=f)
2021-01-24 16:48:51.0750 Info Adding target FileTarget(Name=fe)
2021-01-24 16:48:51.1151 Info Validating config: TargetNames=f, fe, ConfigItems=36, FilePath=F:\MyWorks\NetV5\Hzdtf.Foundation.Framework\src\Example\Application\Hzdtf.Example.WebApp\bin\Debug\net5.0\NLog.config
2021-01-24 16:48:51.1453 Info Configuration initialized.
2021-01-24 16:48:51.1727 Info NLog, Version=4.0.0.0, Culture=neutral, PublicKeyToken=5120e14c03d0593c. File version: 4.7.6.12219. Product version: 4.7.6+e16065c1f397a4b0a5beed10d2e79bbedc1fd1e6. GlobalAssemblyCache: False
2021-01-24 16:54:20.7336 Info Message Template Auto Format enabled
2021-01-24 16:54:20.8885 Info Adding target FileTarget(Name=f)
2021-01-24 16:54:20.9712 Info Adding target FileTarget(Name=fe)
2021-01-24 16:54:21.0224 Info Validating config: TargetNames=f, fe, ConfigItems=36, FilePath=F:\MyWorks\NetV5\Hzdtf.Foundation.Framework\src\Example\Application\Hzdtf.Example.WebApp\bin\Debug\net5.0\NLog.config
2021-01-24 16:54:21.0760 Info Configuration initialized.
2021-01-24 16:54:21.1056 Info NLog, Version=4.0.0.0, Culture=neutral, PublicKeyToken=5120e14c03d0593c. File version: 4.7.6.12219. Product version: 4.7.6+e16065c1f397a4b0a5beed10d2e79bbedc1fd1e6. GlobalAssemblyCache: False
2021-01-24 16:57:45.0603 Info Message Template Auto Format enabled
2021-01-24 16:57:45.2186 Info Adding target FileTarget(Name=f)
2021-01-24 16:57:45.2339 Info Adding target FileTarget(Name=fe)
2021-01-24 16:57:45.2952 Info Validating config: TargetNames=f, fe, ConfigItems=36, FilePath=F:\MyWorks\NetV5\Hzdtf.Foundation.Framework\src\Example\Application\Hzdtf.Example.WebApp\bin\Debug\net5.0\NLog.config
2021-01-24 16:57:45.3758 Info Configuration initialized.
2021-01-24 16:57:45.4528 Info NLog, Version=4.0.0.0, Culture=neutral, PublicKeyToken=5120e14c03d0593c. File version: 4.7.6.12219. Product version: 4.7.6+e16065c1f397a4b0a5beed10d2e79bbedc1fd1e6. GlobalAssemblyCache: False
2021-01-24 17:01:26.2248 Info Message Template Auto Format enabled
2021-01-24 17:01:26.4060 Info Adding target FileTarget(Name=f)
2021-01-24 17:01:26.4443 Info Adding target FileTarget(Name=fe)
2021-01-24 17:01:26.5301 Info Validating config: TargetNames=f, fe, ConfigItems=36, FilePath=F:\MyWorks\NetV5\Hzdtf.Foundation.Framework\src\Example\Application\Hzdtf.Example.WebApp\bin\Debug\net5.0\NLog.config
2021-01-24 17:01:26.5776 Info Configuration initialized.
2021-01-24 17:01:26.6121 Info NLog, Version=4.0.0.0, Culture=neutral, PublicKeyToken=5120e14c03d0593c. File version: 4.7.6.12219. Product version: 4.7.6+e16065c1f397a4b0a5beed10d2e79bbedc1fd1e6. GlobalAssemblyCache: False
2021-01-24 17:29:58.5433 Info Message Template Auto Format enabled
2021-01-24 17:29:58.7347 Info Adding target FileTarget(Name=f)
2021-01-24 17:29:58.7503 Info Adding target FileTarget(Name=fe)
2021-01-24 17:29:58.8142 Info Validating config: TargetNames=f, fe, ConfigItems=36, FilePath=F:\MyWorks\NetV5\github\Hzdtf.Foundation.FrameworkV5\src\Example\Application\Hzdtf.Example.WebApp\bin\Debug\net5.0\NLog.config
2021-01-24 17:29:58.8699 Info Configuration initialized.
2021-01-24 17:29:58.9143 Info NLog, Version=4.0.0.0, Culture=neutral, PublicKeyToken=5120e14c03d0593c. File version: 4.7.6.12219. Product version: 4.7.6+e16065c1f397a4b0a5beed10d2e79bbedc1fd1e6. GlobalAssemblyCache: False
2021-01-24 17:33:44.8189 Info Message Template Auto Format enabled
2021-01-24 17:33:45.0604 Info Adding target FileTarget(Name=f)
2021-01-24 17:33:45.0813 Info Adding target FileTarget(Name=fe)
2021-01-24 17:33:45.1644 Info Validating config: TargetNames=f, fe, ConfigItems=36, FilePath=F:\MyWorks\NetV5\github\Hzdtf.Foundation.FrameworkV5\src\Example\Application\Hzdtf.Example.WebApp\bin\Debug\net5.0\NLog.config
2021-01-24 17:33:45.2140 Info Configuration initialized.
2021-01-24 17:33:45.2442 Info NLog, Version=4.0.0.0, Culture=neutral, PublicKeyToken=5120e14c03d0593c. File version: 4.7.6.12219. Product version: 4.7.6+e16065c1f397a4b0a5beed10d2e79bbedc1fd1e6. GlobalAssemblyCache: False
2021-01-24 17:38:46.8961 Info Message Template Auto Format enabled
2021-01-24 17:38:47.0283 Info Adding target FileTarget(Name=f)
2021-01-24 17:38:47.0451 Info Adding target FileTarget(Name=fe)
2021-01-24 17:38:47.1274 Info Validating config: TargetNames=f, fe, ConfigItems=36, FilePath=F:\MyWorks\NetV5\github\Hzdtf.Foundation.FrameworkV5\src\Example\Application\Hzdtf.Example.WebApp\bin\Debug\net5.0\NLog.config
2021-01-24 17:38:47.1776 Info Configuration initialized.
2021-01-24 17:38:47.2184 Info NLog, Version=4.0.0.0, Culture=neutral, PublicKeyToken=5120e14c03d0593c. File version: 4.7.6.12219. Product version: 4.7.6+e16065c1f397a4b0a5beed10d2e79bbedc1fd1e6. GlobalAssemblyCache: False
2021-01-24 17:40:26.0422 Info Message Template Auto Format enabled
2021-01-24 17:40:26.1895 Info Adding target FileTarget(Name=f)
2021-01-24 17:40:26.2085 Info Adding target FileTarget(Name=fe)
2021-01-24 17:40:26.2786 Info Validating config: TargetNames=f, fe, ConfigItems=36, FilePath=F:\MyWorks\NetV5\github\Hzdtf.Foundation.FrameworkV5\src\Example\Application\Hzdtf.Example.WebApp\bin\Debug\net5.0\NLog.config
2021-01-24 17:40:26.3383 Info Configuration initialized.
2021-01-24 17:40:26.3702 Info NLog, Version=4.0.0.0, Culture=neutral, PublicKeyToken=5120e14c03d0593c. File version: 4.7.6.12219. Product version: 4.7.6+e16065c1f397a4b0a5beed10d2e79bbedc1fd1e6. GlobalAssemblyCache: False
2021-01-24 18:02:18.3067 Info Message Template Auto Format enabled
2021-01-24 18:02:18.4541 Info Adding target FileTarget(Name=f)
2021-01-24 18:02:18.4670 Info Adding target FileTarget(Name=fe)
2021-01-24 18:02:18.5111 Info Validating config: TargetNames=f, fe, ConfigItems=36, FilePath=F:\MyWorks\NetV5\github\Hzdtf.Foundation.FrameworkV5\src\Example\Application\Hzdtf.Example.WebApp\bin\Debug\net5.0\NLog.config
2021-01-24 18:02:18.5437 Info Configuration initialized.
2021-01-24 18:02:18.5657 Info NLog, Version=4.0.0.0, Culture=neutral, PublicKeyToken=5120e14c03d0593c. File version: 4.7.6.12219. Product version: 4.7.6+e16065c1f397a4b0a5beed10d2e79bbedc1fd1e6. GlobalAssemblyCache: False
2021-01-24 18:03:54.3699 Info Message Template Auto Format enabled
2021-01-24 18:03:54.5066 Info Adding target FileTarget(Name=f)
2021-01-24 18:03:54.5239 Info Adding target FileTarget(Name=fe)
2021-01-24 18:03:54.5728 Info Validating config: TargetNames=f, fe, ConfigItems=36, FilePath=F:\MyWorks\NetV5\github\Hzdtf.Foundation.FrameworkV5\src\Example\Application\Hzdtf.Example.WebApp\bin\Debug\net5.0\NLog.config
2021-01-24 18:03:54.6124 Info Configuration initialized.
2021-01-24 18:03:54.6397 Info NLog, Version=4.0.0.0, Culture=neutral, PublicKeyToken=5120e14c03d0593c. File version: 4.7.6.12219. Product version: 4.7.6+e16065c1f397a4b0a5beed10d2e79bbedc1fd1e6. GlobalAssemblyCache: False
2021-01-24 18:09:21.9991 Info Message Template Auto Format enabled
2021-01-24 18:09:22.1013 Info Adding target FileTarget(Name=f)
2021-01-24 18:09:22.1254 Info Adding target FileTarget(Name=fe)
2021-01-24 18:09:22.1669 Info Validating config: TargetNames=f, fe, ConfigItems=36, FilePath=F:\MyWorks\NetV5\github\Hzdtf.Foundation.FrameworkV5\src\Example\Application\Hzdtf.Example.WebApp\bin\Debug\net5.0\NLog.config
2021-01-24 18:09:22.1977 Info Configuration initialized.
2021-01-24 18:09:22.2169 Info NLog, Version=4.0.0.0, Culture=neutral, PublicKeyToken=5120e14c03d0593c. File version: 4.7.6.12219. Product version: 4.7.6+e16065c1f397a4b0a5beed10d2e79bbedc1fd1e6. GlobalAssemblyCache: False
2021-01-24 18:10:39.6499 Info Message Template Auto Format enabled
2021-01-24 18:10:39.9333 Info Adding target FileTarget(Name=f)
2021-01-24 18:10:39.9488 Info Adding target FileTarget(Name=fe)
2021-01-24 18:10:40.0363 Info Validating config: TargetNames=f, fe, ConfigItems=36, FilePath=F:\MyWorks\NetV5\github\Hzdtf.Foundation.FrameworkV5\src\Example\Application\Hzdtf.Example.WebApp\bin\Debug\net5.0\NLog.config
2021-01-24 18:10:40.1245 Info Configuration initialized.
2021-01-24 18:10:40.1782 Info NLog, Version=4.0.0.0, Culture=neutral, PublicKeyToken=5120e14c03d0593c. File version: 4.7.6.12219. Product version: 4.7.6+e16065c1f397a4b0a5beed10d2e79bbedc1fd1e6. GlobalAssemblyCache: False
2021-01-24 18:15:46.1061 Info Message Template Auto Format enabled
2021-01-24 18:15:46.2747 Info Adding target FileTarget(Name=f)
2021-01-24 18:15:46.2747 Info Adding target FileTarget(Name=fe)
2021-01-24 18:15:46.3780 Info Validating config: TargetNames=f, fe, ConfigItems=36, FilePath=F:\MyWorks\NetV5\github\Hzdtf.Foundation.FrameworkV5\src\Example\Application\Hzdtf.Example.WebApp\bin\Debug\net5.0\NLog.config
2021-01-24 18:15:46.4257 Info Configuration initialized.
2021-01-24 18:15:46.4585 Info NLog, Version=4.0.0.0, Culture=neutral, PublicKeyToken=5120e14c03d0593c. File version: 4.7.6.12219. Product version: 4.7.6+e16065c1f397a4b0a5beed10d2e79bbedc1fd1e6. GlobalAssemblyCache: False
2021-01-24 18:20:30.0814 Info Message Template Auto Format enabled
2021-01-24 18:20:30.2622 Info Adding target FileTarget(Name=f)
2021-01-24 18:20:30.2764 Info Adding target FileTarget(Name=fe)
2021-01-24 18:20:30.3141 Info Validating config: TargetNames=f, fe, ConfigItems=36, FilePath=F:\MyWorks\NetV5\github\Hzdtf.Foundation.FrameworkV5\src\Example\Application\Hzdtf.Example.WebApp\bin\Debug\net5.0\NLog.config
2021-01-24 18:20:30.3404 Info Configuration initialized.
2021-01-24 18:20:30.3652 Info NLog, Version=4.0.0.0, Culture=neutral, PublicKeyToken=5120e14c03d0593c. File version: 4.7.6.12219. Product version: 4.7.6+e16065c1f397a4b0a5beed10d2e79bbedc1fd1e6. GlobalAssemblyCache: False
2021-01-24 18:24:32.0595 Info Message Template Auto Format enabled
2021-01-24 18:24:32.2072 Info Adding target FileTarget(Name=f)
2021-01-24 18:24:32.2229 Info Adding target FileTarget(Name=fe)
2021-01-24 18:24:32.2860 Info Validating config: TargetNames=f, fe, ConfigItems=36, FilePath=F:\MyWorks\NetV5\github\Hzdtf.Foundation.FrameworkV5\src\Example\Application\Hzdtf.Example.WebApp\bin\Debug\net5.0\NLog.config
2021-01-24 18:24:32.3260 Info Configuration initialized.
2021-01-24 18:24:32.3601 Info NLog, Version=4.0.0.0, Culture=neutral, PublicKeyToken=5120e14c03d0593c. File version: 4.7.6.12219. Product version: 4.7.6+e16065c1f397a4b0a5beed10d2e79bbedc1fd1e6. GlobalAssemblyCache: False
2021-01-24 20:14:38.0938 Info Message Template Auto Format enabled
2021-01-24 20:14:38.3336 Info Adding target FileTarget(Name=f)
2021-01-24 20:14:38.3419 Info Adding target FileTarget(Name=fe)
2021-01-24 20:14:38.3906 Info Validating config: TargetNames=f, fe, ConfigItems=36, FilePath=F:\MyWorks\NetV5\github\Hzdtf.Foundation.FrameworkV5\src\Example\Application\Hzdtf.Example.WebApp\bin\Debug\net5.0\NLog.config
2021-01-24 20:14:38.4260 Info Configuration initialized.
2021-01-24 20:14:38.4516 Info NLog, Version=4.0.0.0, Culture=neutral, PublicKeyToken=5120e14c03d0593c. File version: 4.7.6.12219. Product version: 4.7.6+e16065c1f397a4b0a5beed10d2e79bbedc1fd1e6. GlobalAssemblyCache: False
2021-01-24 20:20:25.3424 Info Message Template Auto Format enabled
2021-01-24 20:20:25.5884 Info Adding target FileTarget(Name=f)
2021-01-24 20:20:25.6139 Info Adding target FileTarget(Name=fe)
2021-01-24 20:20:25.6726 Info Validating config: TargetNames=f, fe, ConfigItems=36, FilePath=F:\MyWorks\NetV5\github\Hzdtf.Foundation.FrameworkV5\src\Example\Application\Hzdtf.Example.WebApp\bin\Debug\net5.0\NLog.config
2021-01-24 20:20:25.7166 Info Configuration initialized.
2021-01-24 20:20:25.7629 Info NLog, Version=4.0.0.0, Culture=neutral, PublicKeyToken=5120e14c03d0593c. File version: 4.7.6.12219. Product version: 4.7.6+e16065c1f397a4b0a5beed10d2e79bbedc1fd1e6. GlobalAssemblyCache: False
2021-01-26 22:27:06.2424 Info Message Template Auto Format enabled
2021-01-26 22:27:06.2857 Info Adding target FileTarget(Name=f)
2021-01-26 22:27:06.3002 Info Adding target FileTarget(Name=fe)
2021-01-26 22:27:06.3197 Info Validating config: TargetNames=f, fe, ConfigItems=36, FilePath=D:\MyProjects\Hzdtf.Foundation.FrameworkV5\src\Example\Application\Hzdtf.Example.WebApp\bin\Debug\net5.0\NLog.config
2021-01-26 22:27:06.3374 Info Configuration initialized.
2021-01-26 22:27:06.3469 Info NLog, Version=4.0.0.0, Culture=neutral, PublicKeyToken=5120e14c03d0593c. File version: 4.7.6.12219. Product version: 4.7.6+e16065c1f397a4b0a5beed10d2e79bbedc1fd1e6. GlobalAssemblyCache: False
2021-01-27 21:48:15.8549 Info Message Template Auto Format enabled
2021-01-27 21:48:15.8935 Info Adding target FileTarget(Name=f)
2021-01-27 21:48:15.8935 Info Adding target FileTarget(Name=fe)
2021-01-27 21:48:15.9219 Info Validating config: TargetNames=f, fe, ConfigItems=36, FilePath=D:\MyProjects\Hzdtf.Foundation.FrameworkV5\src\Example\Application\Hzdtf.Example.WebApp\bin\Debug\net5.0\NLog.config
2021-01-27 21:48:15.9334 Info Configuration initialized.
2021-01-27 21:48:15.9428 Info NLog, Version=4.0.0.0, Culture=neutral, PublicKeyToken=5120e14c03d0593c. File version: 4.7.6.12219. Product version: 4.7.6+e16065c1f397a4b0a5beed10d2e79bbedc1fd1e6. GlobalAssemblyCache: False
2021-01-30 21:01:47.4752 Info Message Template Auto Format enabled
2021-01-30 21:01:47.5375 Info Adding target FileTarget(Name=f)
2021-01-30 21:01:47.5375 Info Adding target FileTarget(Name=fe)
2021-01-30 21:01:47.5721 Info Validating config: TargetNames=f, fe, ConfigItems=36, FilePath=D:\MyProjects\Hzdtf.Foundation.FrameworkV5\src\Example\Application\Hzdtf.Example.WebApp\bin\Debug\net5.0\NLog.config
2021-01-30 21:01:47.5901 Info Configuration initialized.
2021-01-30 21:01:47.6081 Info NLog, Version=4.0.0.0, Culture=neutral, PublicKeyToken=5120e14c03d0593c. File version: 4.7.6.12219. Product version: 4.7.6+e16065c1f397a4b0a5beed10d2e79bbedc1fd1e6. GlobalAssemblyCache: False
2021-01-30 21:10:52.5750 Info Message Template Auto Format enabled
2021-01-30 21:10:52.6294 Info Adding target FileTarget(Name=f)
2021-01-30 21:10:52.6294 Info Adding target FileTarget(Name=fe)
2021-01-30 21:10:52.6519 Info Validating config: TargetNames=f, fe, ConfigItems=36, FilePath=D:\MyProjects\Hzdtf.Foundation.FrameworkV5\src\Example\Application\Hzdtf.Example.WebApp\bin\Debug\net5.0\NLog.config
2021-01-30 21:10:52.6686 Info Configuration initialized.
2021-01-30 21:10:52.6795 Info NLog, Version=4.0.0.0, Culture=neutral, PublicKeyToken=5120e14c03d0593c. File version: 4.7.6.12219. Product version: 4.7.6+e16065c1f397a4b0a5beed10d2e79bbedc1fd1e6. GlobalAssemblyCache: False
2021-01-30 22:39:26.4069 Info Message Template Auto Format enabled
2021-01-30 22:39:26.4779 Info Adding target FileTarget(Name=f)
2021-01-30 22:39:26.4779 Info Adding target FileTarget(Name=fe)
2021-01-30 22:39:26.4962 Info Validating config: TargetNames=f, fe, ConfigItems=36, FilePath=D:\MyProjects\Hzdtf.Foundation.FrameworkV5\src\Example\Application\Hzdtf.Example.WebApp\bin\Debug\net5.0\NLog.config
2021-01-30 22:39:26.5072 Info Configuration initialized.
2021-01-30 22:39:26.5072 Info NLog, Version=4.0.0.0, Culture=neutral, PublicKeyToken=5120e14c03d0593c. File version: 4.7.6.12219. Product version: 4.7.6+e16065c1f397a4b0a5beed10d2e79bbedc1fd1e6. GlobalAssemblyCache: False
